#
# There is insufficient memory for the Java Runtime Environment to continue.
# Native memory allocation (malloc) failed to allocate 131088 bytes for Chunk::new
# Possible reasons:
#   The system is out of physical RAM or swap space
#   In 32 bit mode, the process size limit was hit
# Possible solutions:
#   Reduce memory load on the system
#   Increase physical memory or swap space
#   Check if swap backing store is full
#   Use 64 bit Java on a 64 bit OS
#   Decrease Java heap size (-Xmx/-Xms)
#   Decrease number of Java threads
#   Decrease Java thread stack sizes (-Xss)
#   Set larger code cache with -XX:ReservedCodeCacheSize=
# This output file may be truncated or incomplete.
#
#  Out of Memory Error (allocation.cpp:390), pid=1520, tid=0x0000000000002c4c
#
# JRE version: OpenJDK Runtime Environment (8.0_112-b06) (build 1.8.0_112-release-b06)
# Java VM: OpenJDK 64-Bit Server VM (25.112-b06 mixed mode windows-amd64 compressed oops)
# Failed to write core dump. Minidumps are not enabled by default on client versions of Windows
#

---------------  T H R E A D  ---------------

Current thread (0x00000000158af800):  JavaThread "C2 CompilerThread1" daemon [_thread_in_native, id=11340, stack(0x0000000017010000,0x0000000017110000)]

Stack: [0x0000000017010000,0x0000000017110000]
[error occurred during error reporting (printing stack bounds), id 0xc0000005]

Native frames: (J=compiled Java code, j=interpreted, Vv=VM code, C=native code)


Current CompileTask:
C2:   2186 1214   !   4       com.android.dx.cf.code.BytecodeArray::parseInstruction (2764 bytes)


---------------  P R O C E S S  ---------------

Java Threads: ( => current thread )
  0x00000000173c6800 JavaThread "pool-1-thread-4" [_thread_in_Java, id=9196, stack(0x0000000017c10000,0x0000000017d10000)]
  0x00000000173a7800 JavaThread "pool-1-thread-3" [_thread_blocked, id=9312, stack(0x0000000017b10000,0x0000000017c10000)]
  0x00000000173a7000 JavaThread "pool-1-thread-2" [_thread_in_Java, id=8448, stack(0x0000000017a10000,0x0000000017b10000)]
  0x00000000173a4000 JavaThread "pool-2-thread-1" [_thread_blocked, id=11456, stack(0x0000000017910000,0x0000000017a10000)]
  0x000000001739a800 JavaThread "pool-1-thread-1" [_thread_blocked, id=1420, stack(0x0000000017810000,0x0000000017910000)]
  0x0000000015909800 JavaThread "Service Thread" daemon [_thread_blocked, id=12056, stack(0x0000000017610000,0x0000000017710000)]
  0x0000000015903800 JavaThread "C1 CompilerThread2" daemon [_thread_blocked, id=4848, stack(0x0000000017510000,0x0000000017610000)]
=>0x00000000158af800 JavaThread "C2 CompilerThread1" daemon [_thread_in_native, id=11340, stack(0x0000000017010000,0x0000000017110000)]
  0x00000000158ab800 JavaThread "C2 CompilerThread0" daemon [_thread_in_native, id=424, stack(0x0000000016f10000,0x0000000017010000)]
  0x00000000158aa800 JavaThread "Attach Listener" daemon [_thread_blocked, id=7540, stack(0x0000000016e10000,0x0000000016f10000)]
  0x00000000158a9000 JavaThread "Signal Dispatcher" daemon [_thread_blocked, id=10056, stack(0x0000000016d10000,0x0000000016e10000)]
  0x00000000031d5800 JavaThread "Finalizer" daemon [_thread_blocked, id=12216, stack(0x0000000016b20000,0x0000000016c20000)]
  0x00000000031d0000 JavaThread "Reference Handler" daemon [_thread_blocked, id=7164, stack(0x0000000016a20000,0x0000000016b20000)]
  0x000000000143d800 JavaThread "main" [_thread_blocked, id=2484, stack(0x0000000002fe0000,0x00000000030e0000)]

Other Threads:
  0x0000000015875000 VMThread [stack: 0x0000000016920000,0x0000000016a20000] [id=11212]
  0x0000000017137800 WatcherThread [stack: 0x0000000017710000,0x0000000017810000] [id=10672]

VM state:not at safepoint (normal execution)

VM Mutex/Monitor currently owned by a thread: None

Heap:
 PSYoungGen      total 28672K, used 15771K [0x00000000eab00000, 0x00000000ecb00000, 0x0000000100000000)
  eden space 24576K, 47% used [0x00000000eab00000,0x00000000eb669660,0x00000000ec300000)
  from space 4096K, 99% used [0x00000000ec300000,0x00000000ec6fd640,0x00000000ec700000)
  to   space 4096K, 0% used [0x00000000ec700000,0x00000000ec700000,0x00000000ecb00000)
 ParOldGen       total 65536K, used 1311K [0x00000000c0000000, 0x00000000c4000000, 0x00000000eab00000)
  object space 65536K, 2% used [0x00000000c0000000,0x00000000c0147e20,0x00000000c4000000)
 Metaspace       used 5986K, capacity 6960K, committed 7040K, reserved 1056768K
  class space    used 575K, capacity 616K, committed 640K, reserved 1048576K

Card table byte_map: [0x00000000125a0000,0x00000000127b0000] byte_map_base: 0x0000000011fa0000

Marking Bits: (ParMarkBitMap*) 0x00000000694f18f0
 Begin Bits: [0x0000000012d10000, 0x0000000013d10000)
 End Bits:   [0x0000000013d10000, 0x0000000014d10000)

Polling page: 0x00000000013f0000

CodeCache: size=245760Kb used=5244Kb max_used=5260Kb free=240515Kb
 bounds [0x00000000031e0000, 0x0000000003710000, 0x00000000121e0000]
 total_blobs=1548 nmethods=1281 adapters=181
 compilation: enabled

Compilation events (10 events):
Event: 1.988 Thread 0x0000000015903800 1281       3       java.util.concurrent.locks.AbstractQueuedSynchronizer::compareAndSetState (13 bytes)
Event: 1.988 Thread 0x0000000015903800 nmethod 1281 0x00000000036f6ad0 code [0x00000000036f6c20, 0x00000000036f6d90]
Event: 1.988 Thread 0x0000000015903800 1277       3       java.util.concurrent.locks.ReentrantLock::unlock (10 bytes)
Event: 1.989 Thread 0x0000000015903800 nmethod 1277 0x00000000036f6e10 code [0x00000000036f6fa0, 0x00000000036f7398]
Event: 2.027 Thread 0x00000000158ab800 nmethod 1263 0x00000000036fb5d0 code [0x00000000036fb840, 0x00000000036fcca0]
Event: 2.027 Thread 0x00000000158ab800 1279   !   4       com.android.dx.ssa.BasicRegisterMapper::map (44 bytes)
Event: 2.029 Thread 0x00000000158ab800 nmethod 1279 0x00000000036f8450 code [0x00000000036f85a0, 0x00000000036f86e8]
Event: 2.029 Thread 0x00000000158ab800 1253       4       com.android.dx.ssa.SCCP::simulateBranch (666 bytes)
Event: 2.086 Thread 0x00000000158af800 nmethod 1184 0x0000000003702090 code [0x00000000037025c0, 0x0000000003705770]
Event: 2.086 Thread 0x00000000158af800 1214   !   4       com.android.dx.cf.code.BytecodeArray::parseInstruction (2764 bytes)

GC Heap History (2 events):
Event: 1.627 GC heap before
{Heap before GC invocations=1 (full 0):
 PSYoungGen      total 28672K, used 24576K [0x00000000eab00000, 0x00000000ecb00000, 0x0000000100000000)
  eden space 24576K, 100% used [0x00000000eab00000,0x00000000ec300000,0x00000000ec300000)
  from space 4096K, 0% used [0x00000000ec700000,0x00000000ec700000,0x00000000ecb00000)
  to   space 4096K, 0% used [0x00000000ec300000,0x00000000ec300000,0x00000000ec700000)
 ParOldGen       total 65536K, used 0K [0x00000000c0000000, 0x00000000c4000000, 0x00000000eab00000)
  object space 65536K, 0% used [0x00000000c0000000,0x00000000c0000000,0x00000000c4000000)
 Metaspace       used 5881K, capacity 6896K, committed 7040K, reserved 1056768K
  class space    used 574K, capacity 616K, committed 640K, reserved 1048576K
Event: 1.694 GC heap after
Heap after GC invocations=1 (full 0):
 PSYoungGen      total 28672K, used 4085K [0x00000000eab00000, 0x00000000ecb00000, 0x0000000100000000)
  eden space 24576K, 0% used [0x00000000eab00000,0x00000000eab00000,0x00000000ec300000)
  from space 4096K, 99% used [0x00000000ec300000,0x00000000ec6fd640,0x00000000ec700000)
  to   space 4096K, 0% used [0x00000000ec700000,0x00000000ec700000,0x00000000ecb00000)
 ParOldGen       total 65536K, used 1311K [0x00000000c0000000, 0x00000000c4000000, 0x00000000eab00000)
  object space 65536K, 2% used [0x00000000c0000000,0x00000000c0147e20,0x00000000c4000000)
 Metaspace       used 5881K, capacity 6896K, committed 7040K, reserved 1056768K
  class space    used 574K, capacity 616K, committed 640K, reserved 1048576K
}

Deoptimization events (10 events):
Event: 1.248 Thread 0x00000000173a7800 Uncommon trap: reason=unstable_if action=reinterpret pc=0x00000000034fd76c method=java.util.HashMap.getNode(ILjava/lang/Object;)Ljava/util/HashMap$Node; @ 62
Event: 1.621 Thread 0x000000001739a800 Uncommon trap: reason=unstable_if action=reinterpret pc=0x00000000035b8700 method=com.android.dx.rop.code.RegisterSpec.equals(ILcom/android/dx/rop/type/TypeBearer;Lcom/android/dx/rop/code/LocalItem;)Z @ 16
Event: 1.621 Thread 0x000000001739a800 Uncommon trap: reason=unstable_if action=reinterpret pc=0x000000000349e65c method=com.android.dx.rop.code.RegisterSpec.equals(ILcom/android/dx/rop/type/TypeBearer;Lcom/android/dx/rop/code/LocalItem;)Z @ 16
Event: 1.623 Thread 0x000000001739a800 Uncommon trap: reason=unstable_if action=reinterpret pc=0x000000000343e6e8 method=java.util.HashMap.getNode(ILjava/lang/Object;)Ljava/util/HashMap$Node; @ 62
Event: 1.625 Thread 0x000000001739a800 Uncommon trap: reason=unstable_if action=reinterpret pc=0x0000000003581ea8 method=com.android.dx.rop.code.RegisterSpec.equals(ILcom/android/dx/rop/type/TypeBearer;Lcom/android/dx/rop/code/LocalItem;)Z @ 16
Event: 1.625 Thread 0x000000001739a800 Uncommon trap: reason=unstable_if action=reinterpret pc=0x000000000357d090 method=com.android.dx.rop.code.RegisterSpec.equals(ILcom/android/dx/rop/type/TypeBearer;Lcom/android/dx/rop/code/LocalItem;)Z @ 16
Event: 1.625 Thread 0x000000001739a800 Uncommon trap: reason=unstable_if action=reinterpret pc=0x0000000003516fc8 method=com.android.dx.rop.code.RegisterSpec.equals(ILcom/android/dx/rop/type/TypeBearer;Lcom/android/dx/rop/code/LocalItem;)Z @ 16
Event: 1.802 Thread 0x00000000173c6800 Uncommon trap: reason=unstable_if action=reinterpret pc=0x00000000035bb800 method=com.android.dx.rop.code.RegisterSpec.equals(ILcom/android/dx/rop/type/TypeBearer;Lcom/android/dx/rop/code/LocalItem;)Z @ 16
Event: 1.817 Thread 0x00000000173a7000 Uncommon trap: reason=unstable_if action=reinterpret pc=0x000000000362329c method=com.android.dx.ssa.SsaMethod.updateOneDefinition(Lcom/android/dx/ssa/SsaInsn;Lcom/android/dx/rop/code/RegisterSpec;)V @ 4
Event: 1.872 Thread 0x000000000143d800 Uncommon trap: reason=unstable_if action=reinterpret pc=0x0000000003512e00 method=java.lang.String.<init>([CII)V @ 18

Internal exceptions (2 events):
Event: 0.091 Thread 0x000000000143d800 Exception <a 'java/lang/NoSuchMethodError': Method sun.misc.Unsafe.defineClass(Ljava/lang/String;[BII)Ljava/lang/Class; name or signature does not match> (0x00000000eab07c78) thrown at [C:\src\android\AOSP-openjdk\external\jetbrains\jdk\hotspot\src\share\v#àv¡^∑?
Event: 0.091 Thread 0x000000000143d800 Exception <a 'java/lang/NoSuchMethodError': Method sun.misc.Unsafe.prefetchRead(Ljava/lang/Object;J)V name or signature does not match> (0x00000000eab07f60) thrown at [C:\src\android\AOSP-openjdk\external\jetbrains\jdk\hotspot\src\share\vm\prims\jni.cpp, l

Events (10 events):
Event: 1.802 Thread 0x00000000173c6800 DEOPT PACKING pc=0x00000000035bb800 sp=0x0000000017d0ed00
Event: 1.802 Thread 0x00000000173c6800 DEOPT UNPACKING pc=0x000000000322556a sp=0x0000000017d0ea38 mode 2
Event: 1.816 loading class com/android/dx/rop/code/RegOps
Event: 1.816 loading class com/android/dx/rop/code/RegOps done
Event: 1.817 Thread 0x00000000173a7000 Uncommon trap: trap_request=0xffffff65 fr.pc=0x000000000362329c
Event: 1.817 Thread 0x00000000173a7000 DEOPT PACKING pc=0x000000000362329c sp=0x0000000017b0eca0
Event: 1.817 Thread 0x00000000173a7000 DEOPT UNPACKING pc=0x000000000322556a sp=0x0000000017b0ec48 mode 2
Event: 1.872 Thread 0x000000000143d800 Uncommon trap: trap_request=0xffffff65 fr.pc=0x0000000003512e00
Event: 1.872 Thread 0x000000000143d800 DEOPT PACKING pc=0x0000000003512e00 sp=0x00000000030de520
Event: 1.872 Thread 0x000000000143d800 DEOPT UNPACKING pc=0x000000000322556a sp=0x00000000030de450 mode 2


Dynamic libraries:
0x00007ff765cb0000 - 0x00007ff765ce1000 	C:\Program Files\Android\Android Studio2\jre\bin\java.exe
0x00007ffbd2290000 - 0x00007ffbd2461000 	C:\WINDOWS\SYSTEM32\ntdll.dll
0x00007ffbd1180000 - 0x00007ffbd122c000 	C:\WINDOWS\System32\KERNEL32.DLL
0x00007ffbcf430000 - 0x00007ffbcf64d000 	C:\WINDOWS\System32\KERNELBASE.dll
0x00007ffbd21e0000 - 0x00007ffbd2282000 	C:\WINDOWS\System32\ADVAPI32.dll
0x00007ffbd1920000 - 0x00007ffbd19be000 	C:\WINDOWS\System32\msvcrt.dll
0x00007ffbd1230000 - 0x00007ffbd1289000 	C:\WINDOWS\System32\sechost.dll
0x00007ffbd19d0000 - 0x00007ffbd1af1000 	C:\WINDOWS\System32\RPCRT4.dll
0x00007ffbcf800000 - 0x00007ffbcf965000 	C:\WINDOWS\System32\USER32.dll
0x00007ffbcf410000 - 0x00007ffbcf42e000 	C:\WINDOWS\System32\win32u.dll
0x00007ffbd1290000 - 0x00007ffbd12c4000 	C:\WINDOWS\System32\GDI32.dll
0x00007ffbce760000 - 0x00007ffbce8e2000 	C:\WINDOWS\System32\gdi32full.dll
0x00007ffbc4770000 - 0x00007ffbc49ea000 	C:\WINDOWS\WinSxS\amd64_microsoft.windows.common-controls_6595b64144ccf1df_6.0.14393.953_none_42151e83c686086b\COMCTL32.dll
0x00007ffbd1db0000 - 0x00007ffbd2078000 	C:\WINDOWS\System32\combase.dll
0x00007ffbceac0000 - 0x00007ffbcebb5000 	C:\WINDOWS\System32\ucrtbase.dll
0x00007ffbcebc0000 - 0x00007ffbcec2a000 	C:\WINDOWS\System32\bcryptPrimitives.dll
0x00007ffbd14a0000 - 0x00007ffbd14ce000 	C:\WINDOWS\System32\IMM32.DLL
0x0000000068c50000 - 0x0000000068d22000 	C:\Program Files\Android\Android Studio2\jre\jre\bin\msvcr100.dll
0x0000000068d30000 - 0x000000006956c000 	C:\Program Files\Android\Android Studio2\jre\jre\bin\server\jvm.dll
0x00007ffbd19c0000 - 0x00007ffbd19c8000 	C:\WINDOWS\System32\PSAPI.DLL
0x00007ffbc4090000 - 0x00007ffbc4099000 	C:\WINDOWS\SYSTEM32\WSOCK32.dll
0x00007ffbcf970000 - 0x00007ffbcf9da000 	C:\WINDOWS\System32\WS2_32.dll
0x00007ffbc2c80000 - 0x00007ffbc2c8a000 	C:\WINDOWS\SYSTEM32\VERSION.dll
0x00007ffbccb50000 - 0x00007ffbccb73000 	C:\WINDOWS\SYSTEM32\WINMM.dll
0x00007ffbccb20000 - 0x00007ffbccb4b000 	C:\WINDOWS\SYSTEM32\WINMMBASE.dll
0x00007ffbcf310000 - 0x00007ffbcf352000 	C:\WINDOWS\System32\cfgmgr32.dll
0x00007ffbc7250000 - 0x00007ffbc725f000 	C:\Program Files\Android\Android Studio2\jre\jre\bin\verify.dll
0x00007ffbc34a0000 - 0x00007ffbc34c9000 	C:\Program Files\Android\Android Studio2\jre\jre\bin\java.dll
0x00007ffbc3530000 - 0x00007ffbc3546000 	C:\Program Files\Android\Android Studio2\jre\jre\bin\zip.dll
0x00007ffbcfc70000 - 0x00007ffbd1178000 	C:\WINDOWS\System32\SHELL32.dll
0x00007ffbcec30000 - 0x00007ffbcf30a000 	C:\WINDOWS\System32\windows.storage.dll
0x00007ffbce6d0000 - 0x00007ffbce71c000 	C:\WINDOWS\System32\powrprof.dll
0x00007ffbcf9e0000 - 0x00007ffbcfa32000 	C:\WINDOWS\System32\shlwapi.dll
0x00007ffbce720000 - 0x00007ffbce72f000 	C:\WINDOWS\System32\kernel.appcore.dll
0x00007ffbcf6b0000 - 0x00007ffbcf759000 	C:\WINDOWS\System32\shcore.dll
0x00007ffbce740000 - 0x00007ffbce754000 	C:\WINDOWS\System32\profapi.dll

VM Arguments:
jvm_args: -Djava.awt.headless=true -Xmx1024M -Dfile.encoding=windows-1252 -Duser.country=US -Duser.language=en -Duser.variant 
java_command: com.android.dx.command.Main --dex --num-threads=4 --output C:\Users\AYAAN\Desktop\New folder\friendlychat\android-start\app\build\intermediates\pre-dexed\debug\classes_04af660382e77f4a028e969ddcd098abc33aad01.jar C:\Users\AYAAN\.android\build-cache\0e1e590d2d6c73f7f89c291bd9118b235c12941c\output\jars\classes.jar
java_class_path (initial): C:\Users\AYAAN\AppData\Local\Android\sdk\build-tools\25.0.2\lib\dx.jar
Launcher Type: SUN_STANDARD

Environment Variables:
PATH=C:\oraclexe\app\oracle\product\11.2.0\server\bin;;C:\Python27\;C:\Python27\Scripts;C:\ProgramData\Oracle\Java\javapath;C:\Program Files\Common Files\Microsoft Shared\Windows Live;C:\Program Files (x86)\Common Files\Microsoft Shared\Windows Live;C:\Program Files (x86)\Intel\iCLS Client\;C:\Program Files\Intel\iCLS Client\;C:\Windows\system32;C:\Windows;C:\Windows\System32\Wbem;C:\Windows\System32\WindowsPowerShell\v1.0\;C:\Program Files (x86)\Intel\OpenCL SDK\2.0\bin\x86;C:\Program Files (x86)\Intel\OpenCL SDK\2.0\bin\x64;C:\Program Files\Intel\Intel(R) Management Engine Components\DAL;C:\Program Files\Intel\Intel(R) Management Engine Components\IPT;C:\Program Files (x86)\Intel\Intel(R) Management Engine Components\DAL;C:\Program Files (x86)\Intel\Intel(R) Management Engine Components\IPT;C:\Program Files\Sony\VAIO Improvement\;C:\Program Files (x86)\Sony\VAIO Startup Setting Tool;C:\Program Files (x86)\Windows Live\Shared;C:\Program Files (x86)\Common Files\lenovo\easyplussdk\bin;C:\Program Files (x86)\GtkSharp\2.12\bin;C:\adb;C:\Program Files\Git\cmd;C:\Program Files\Git\mingw64\bin;C:\Program Files\Git\usr\bin;%SystemRoot%\system32;%SystemRoot%;%SystemRoot%\System32\Wbem;%SYSTEMROOT%\System32\WindowsPowerShell\v1.0\;C:\Users\AYAAN\AppData\Local\Microsoft\WindowsApps;C:\Users\AYAAN\AppData\Local\atom\bin;C:\sqlite
USERNAME=AYAAN
OS=Windows_NT
PROCESSOR_IDENTIFIER=Intel64 Family 6 Model 42 Stepping 7, GenuineIntel



---------------  S Y S T E M  ---------------

OS: Windows 10.0 , 64 bit Build 14393 (10.0.14393.1198)

CPU:total 4 (2 cores per cpu, 2 threads per core) family 6 model 42 stepping 7, cmov, cx8, fxsr, mmx, sse, sse2, sse3, ssse3, sse4.1, sse4.2, popcnt, avx, clmul, ht, tsc, tscinvbit

Memory: 4k page, physical 6189420k(985660k free), swap 9181548k(3184k free)

vm_info: OpenJDK 64-Bit Server VM (25.112-b06) for windows-amd64 JRE (1.8.0_112-release-b06), built on Dec  8 2016 00:54:26 by "builder" with MS VC++ 10.0 (VS2010)

time: Sun May 28 02:04:20 2017
elapsed time: 2 seconds (0d 0h 0m 2s)

