#
# There is insufficient memory for the Java Runtime Environment to continue.
# Native memory allocation (malloc) failed to allocate 1048576 bytes for AllocateHeap
# Possible reasons:
#   The system is out of physical RAM or swap space
#   In 32 bit mode, the process size limit was hit
# Possible solutions:
#   Reduce memory load on the system
#   Increase physical memory or swap space
#   Check if swap backing store is full
#   Use 64 bit Java on a 64 bit OS
#   Decrease Java heap size (-Xmx/-Xms)
#   Decrease number of Java threads
#   Decrease Java thread stack sizes (-Xss)
#   Set larger code cache with -XX:ReservedCodeCacheSize=
# This output file may be truncated or incomplete.
#
#  Out of Memory Error (memory/allocation.inline.hpp:61), pid=11224, tid=0x0000000000001508
#
# JRE version:  (8.0_112-b06) (build )
# Java VM: OpenJDK 64-Bit Server VM (25.112-b06 mixed mode windows-amd64 compressed oops)
# Failed to write core dump. Minidumps are not enabled by default on client versions of Windows
#

---------------  T H R E A D  ---------------

Current thread (0x0000000002a3d800):  JavaThread "Unknown thread" [_thread_in_vm, id=5384, stack(0x0000000002a40000,0x0000000002b40000)]

Stack: [0x0000000002a40000,0x0000000002b40000]
[error occurred during error reporting (printing stack bounds), id 0xc0000005]

Native frames: (J=compiled Java code, j=interpreted, Vv=VM code, C=native code)


---------------  P R O C E S S  ---------------

Java Threads: ( => current thread )

Other Threads:

=>0x0000000002a3d800 (exited) JavaThread "Unknown thread" [_thread_in_vm, id=5384, stack(0x0000000002a40000,0x0000000002b40000)]

VM state:not at safepoint (normal execution)

VM Mutex/Monitor currently owned by a thread: None

Heap:
 PSYoungGen      total 28672K, used 491K [0x00000000eab00000, 0x00000000ecb00000, 0x0000000100000000)
  eden space 24576K, 2% used [0x00000000eab00000,0x00000000eab7ae20,0x00000000ec300000)
  from space 4096K, 0% used [0x00000000ec700000,0x00000000ec700000,0x00000000ecb00000)
  to   space 4096K, 0% used [0x00000000ec300000,0x00000000ec300000,0x00000000ec700000)
 ParOldGen       total 65536K, used 0K [0x00000000c0000000, 0x00000000c4000000, 0x00000000eab00000)
  object space 65536K, 0% used [0x00000000c0000000,0x00000000c0000000,0x00000000c4000000)
 Metaspace       used 772K, capacity 4480K, committed 4480K, reserved 1056768K
  class space    used 73K, capacity 384K, committed 384K, reserved 1048576K

Card table byte_map: [0x0000000012100000,0x0000000012310000] byte_map_base: 0x0000000011b00000

Marking Bits: (ParMarkBitMap*) 0x00000000694f18f0
 Begin Bits: [0x0000000012870000, 0x0000000013870000)
 End Bits:   [0x0000000013870000, 0x0000000014870000)

Polling page: 0x0000000000f30000

CodeCache: size=245760Kb used=328Kb max_used=328Kb free=245431Kb
 bounds [0x0000000002d40000, 0x0000000002fb0000, 0x0000000011d40000]
 total_blobs=57 nmethods=0 adapters=38
 compilation: enabled

Compilation events (0 events):
No events

GC Heap History (0 events):
No events

Deoptimization events (0 events):
No events

Internal exceptions (0 events):
No events

Events (10 events):
Event: 0.344 loading class java/lang/Short
Event: 0.345 loading class java/lang/Short done
Event: 0.345 loading class java/lang/Integer
Event: 0.345 loading class java/lang/Integer done
Event: 0.345 loading class java/lang/Long
Event: 0.347 loading class java/lang/Long done
Event: 0.426 loading class java/lang/NullPointerException
Event: 0.426 loading class java/lang/NullPointerException done
Event: 0.426 loading class java/lang/ArithmeticException
Event: 0.426 loading class java/lang/ArithmeticException done


Dynamic libraries:
0x00007ff765cb0000 - 0x00007ff765ce1000 	C:\Program Files\Android\Android Studio2\jre\bin\java.exe
0x00007ffbd2290000 - 0x00007ffbd2461000 	C:\WINDOWS\SYSTEM32\ntdll.dll
0x00007ffbd1180000 - 0x00007ffbd122c000 	C:\WINDOWS\System32\KERNEL32.DLL
0x00007ffbcf430000 - 0x00007ffbcf64d000 	C:\WINDOWS\System32\KERNELBASE.dll
0x00007ffbd21e0000 - 0x00007ffbd2282000 	C:\WINDOWS\System32\ADVAPI32.dll
0x00007ffbd1920000 - 0x00007ffbd19be000 	C:\WINDOWS\System32\msvcrt.dll
0x00007ffbd1230000 - 0x00007ffbd1289000 	C:\WINDOWS\System32\sechost.dll
0x00007ffbd19d0000 - 0x00007ffbd1af1000 	C:\WINDOWS\System32\RPCRT4.dll
0x00007ffbcf800000 - 0x00007ffbcf965000 	C:\WINDOWS\System32\USER32.dll
0x00007ffbcf410000 - 0x00007ffbcf42e000 	C:\WINDOWS\System32\win32u.dll
0x00007ffbd1290000 - 0x00007ffbd12c4000 	C:\WINDOWS\System32\GDI32.dll
0x00007ffbce760000 - 0x00007ffbce8e2000 	C:\WINDOWS\System32\gdi32full.dll
0x00007ffbc4770000 - 0x00007ffbc49ea000 	C:\WINDOWS\WinSxS\amd64_microsoft.windows.common-controls_6595b64144ccf1df_6.0.14393.953_none_42151e83c686086b\COMCTL32.dll
0x00007ffbd1db0000 - 0x00007ffbd2078000 	C:\WINDOWS\System32\combase.dll
0x00007ffbceac0000 - 0x00007ffbcebb5000 	C:\WINDOWS\System32\ucrtbase.dll
0x00007ffbcebc0000 - 0x00007ffbcec2a000 	C:\WINDOWS\System32\bcryptPrimitives.dll
0x00007ffbd14a0000 - 0x00007ffbd14ce000 	C:\WINDOWS\System32\IMM32.DLL
0x0000000068c50000 - 0x0000000068d22000 	C:\Program Files\Android\Android Studio2\jre\jre\bin\msvcr100.dll
0x0000000068d30000 - 0x000000006956c000 	C:\Program Files\Android\Android Studio2\jre\jre\bin\server\jvm.dll
0x00007ffbd19c0000 - 0x00007ffbd19c8000 	C:\WINDOWS\System32\PSAPI.DLL
0x00007ffbc4090000 - 0x00007ffbc4099000 	C:\WINDOWS\SYSTEM32\WSOCK32.dll
0x00007ffbcf970000 - 0x00007ffbcf9da000 	C:\WINDOWS\System32\WS2_32.dll
0x00007ffbccb50000 - 0x00007ffbccb73000 	C:\WINDOWS\SYSTEM32\WINMM.dll
0x00007ffbc2c80000 - 0x00007ffbc2c8a000 	C:\WINDOWS\SYSTEM32\VERSION.dll
0x00007ffbccb20000 - 0x00007ffbccb4b000 	C:\WINDOWS\SYSTEM32\WINMMBASE.dll
0x00007ffbcf310000 - 0x00007ffbcf352000 	C:\WINDOWS\System32\cfgmgr32.dll
0x00007ffbc7250000 - 0x00007ffbc725f000 	C:\Program Files\Android\Android Studio2\jre\jre\bin\verify.dll
0x00007ffbc34a0000 - 0x00007ffbc34c9000 	C:\Program Files\Android\Android Studio2\jre\jre\bin\java.dll
0x00007ffbc3530000 - 0x00007ffbc3546000 	C:\Program Files\Android\Android Studio2\jre\jre\bin\zip.dll

VM Arguments:
jvm_args: -Djava.awt.headless=true -Xmx1024M -Dfile.encoding=windows-1252 -Duser.country=US -Duser.language=en -Duser.variant 
java_command: com.android.dx.command.Main --dex --num-threads=4 --output C:\Users\AYAAN\Desktop\New folder\friendlychat\android-start\app\build\intermediates\pre-dexed\debug\classes_dbb48dd7ada3da0e223d36c434fab1b9815294e0.jar C:\Users\AYAAN\.android\build-cache\77d8b4cd06f49b7d5890a1f9f6ddd78ceeabd4fc\output\jars\classes.jar
java_class_path (initial): C:\Users\AYAAN\AppData\Local\Android\sdk\build-tools\25.0.2\lib\dx.jar
Launcher Type: SUN_STANDARD

Environment Variables:
PATH=C:\oraclexe\app\oracle\product\11.2.0\server\bin;;C:\Python27\;C:\Python27\Scripts;C:\ProgramData\Oracle\Java\javapath;C:\Program Files\Common Files\Microsoft Shared\Windows Live;C:\Program Files (x86)\Common Files\Microsoft Shared\Windows Live;C:\Program Files (x86)\Intel\iCLS Client\;C:\Program Files\Intel\iCLS Client\;C:\Windows\system32;C:\Windows;C:\Windows\System32\Wbem;C:\Windows\System32\WindowsPowerShell\v1.0\;C:\Program Files (x86)\Intel\OpenCL SDK\2.0\bin\x86;C:\Program Files (x86)\Intel\OpenCL SDK\2.0\bin\x64;C:\Program Files\Intel\Intel(R) Management Engine Components\DAL;C:\Program Files\Intel\Intel(R) Management Engine Components\IPT;C:\Program Files (x86)\Intel\Intel(R) Management Engine Components\DAL;C:\Program Files (x86)\Intel\Intel(R) Management Engine Components\IPT;C:\Program Files\Sony\VAIO Improvement\;C:\Program Files (x86)\Sony\VAIO Startup Setting Tool;C:\Program Files (x86)\Windows Live\Shared;C:\Program Files (x86)\Common Files\lenovo\easyplussdk\bin;C:\Program Files (x86)\GtkSharp\2.12\bin;C:\adb;C:\Program Files\Git\cmd;C:\Program Files\Git\mingw64\bin;C:\Program Files\Git\usr\bin;%SystemRoot%\system32;%SystemRoot%;%SystemRoot%\System32\Wbem;%SYSTEMROOT%\System32\WindowsPowerShell\v1.0\;C:\Users\AYAAN\AppData\Local\Microsoft\WindowsApps;C:\Users\AYAAN\AppData\Local\atom\bin;C:\sqlite
USERNAME=AYAAN
OS=Windows_NT
PROCESSOR_IDENTIFIER=Intel64 Family 6 Model 42 Stepping 7, GenuineIntel



---------------  S Y S T E M  ---------------

OS: Windows 10.0 , 64 bit Build 14393 (10.0.14393.1198)

CPU:total 4 (2 cores per cpu, 2 threads per core) family 6 model 42 stepping 7, cmov, cx8, fxsr, mmx, sse, sse2, sse3, ssse3, sse4.1, sse4.2, popcnt, avx, clmul, ht, tsc, tscinvbit

Memory: 4k page, physical 6189420k(1108788k free), swap 9181548k(193572k free)

vm_info: OpenJDK 64-Bit Server VM (25.112-b06) for windows-amd64 JRE (1.8.0_112-release-b06), built on Dec  8 2016 00:54:26 by "builder" with MS VC++ 10.0 (VS2010)

time: Sun May 28 02:03:40 2017
elapsed time: 0 seconds (0d 0h 0m 0s)

