#
# There is insufficient memory for the Java Runtime Environment to continue.
# Native memory allocation (malloc) failed to allocate 65552 bytes for Chunk::new
# Possible reasons:
#   The system is out of physical RAM or swap space
#   In 32 bit mode, the process size limit was hit
# Possible solutions:
#   Reduce memory load on the system
#   Increase physical memory or swap space
#   Check if swap backing store is full
#   Use 64 bit Java on a 64 bit OS
#   Decrease Java heap size (-Xmx/-Xms)
#   Decrease number of Java threads
#   Decrease Java thread stack sizes (-Xss)
#   Set larger code cache with -XX:ReservedCodeCacheSize=
# This output file may be truncated or incomplete.
#
#  Out of Memory Error (allocation.cpp:390), pid=10916, tid=0x00000000000015d0
#
# JRE version: OpenJDK Runtime Environment (8.0_112-b06) (build 1.8.0_112-release-b06)
# Java VM: OpenJDK 64-Bit Server VM (25.112-b06 mixed mode windows-amd64 compressed oops)
# Failed to write core dump. Minidumps are not enabled by default on client versions of Windows
#

---------------  T H R E A D  ---------------

Current thread (0x0000000014faf800):  JavaThread "C2 CompilerThread1" daemon [_thread_in_native, id=5584, stack(0x0000000016710000,0x0000000016810000)]

Stack: [0x0000000016710000,0x0000000016810000]
[error occurred during error reporting (printing stack bounds), id 0xc0000005]

Native frames: (J=compiled Java code, j=interpreted, Vv=VM code, C=native code)


Current CompileTask:
C2:   2221  673       4       com.android.dx.ssa.NormalSsaInsn::accept (25 bytes)


---------------  P R O C E S S  ---------------

Java Threads: ( => current thread )
  0x0000000016b71000 JavaThread "pool-1-thread-4" [_thread_in_Java, id=8872, stack(0x0000000017310000,0x0000000017410000)]
  0x0000000016c20800 JavaThread "pool-1-thread-3" [_thread_in_Java, id=340, stack(0x0000000017210000,0x0000000017310000)]
  0x0000000016c20000 JavaThread "pool-1-thread-2" [_thread_in_Java, id=2024, stack(0x0000000017110000,0x0000000017210000)]
  0x0000000016be8000 JavaThread "pool-2-thread-1" [_thread_blocked, id=10808, stack(0x0000000017010000,0x0000000017110000)]
  0x0000000016bd1000 JavaThread "pool-1-thread-1" [_thread_in_Java, id=11588, stack(0x0000000016f10000,0x0000000017010000)]
  0x0000000016912000 JavaThread "Service Thread" daemon [_thread_blocked, id=204, stack(0x0000000016d10000,0x0000000016e10000)]
  0x0000000015000000 JavaThread "C1 CompilerThread2" daemon [_thread_in_native, id=9676, stack(0x0000000016810000,0x0000000016910000)]
=>0x0000000014faf800 JavaThread "C2 CompilerThread1" daemon [_thread_in_native, id=5584, stack(0x0000000016710000,0x0000000016810000)]
  0x0000000014fab800 JavaThread "C2 CompilerThread0" daemon [_thread_in_native, id=10352, stack(0x0000000016610000,0x0000000016710000)]
  0x0000000014faa800 JavaThread "Attach Listener" daemon [_thread_blocked, id=4656, stack(0x0000000016510000,0x0000000016610000)]
  0x00000000028de800 JavaThread "Signal Dispatcher" daemon [_thread_blocked, id=11444, stack(0x0000000016410000,0x0000000016510000)]
  0x00000000028d6000 JavaThread "Finalizer" daemon [_thread_blocked, id=8700, stack(0x0000000016220000,0x0000000016320000)]
  0x00000000028d0000 JavaThread "Reference Handler" daemon [_thread_blocked, id=7992, stack(0x0000000016120000,0x0000000016220000)]
  0x00000000027dd800 JavaThread "main" [_thread_in_Java, id=10172, stack(0x0000000002610000,0x0000000002710000)]

Other Threads:
  0x0000000014f75000 VMThread [stack: 0x0000000016020000,0x0000000016120000] [id=8132]
  0x0000000016913800 WatcherThread [stack: 0x0000000016e10000,0x0000000016f10000] [id=6912]

VM state:not at safepoint (normal execution)

VM Mutex/Monitor currently owned by a thread: None

Heap:
 PSYoungGen      total 28672K, used 19004K [0x00000000eab00000, 0x00000000ecb00000, 0x0000000100000000)
  eden space 24576K, 77% used [0x00000000eab00000,0x00000000ebd8f238,0x00000000ec300000)
  from space 4096K, 0% used [0x00000000ec700000,0x00000000ec700000,0x00000000ecb00000)
  to   space 4096K, 0% used [0x00000000ec300000,0x00000000ec300000,0x00000000ec700000)
 ParOldGen       total 65536K, used 0K [0x00000000c0000000, 0x00000000c4000000, 0x00000000eab00000)
  object space 65536K, 0% used [0x00000000c0000000,0x00000000c0000000,0x00000000c4000000)
 Metaspace       used 5664K, capacity 6704K, committed 6784K, reserved 1056768K
  class space    used 571K, capacity 616K, committed 640K, reserved 1048576K

Card table byte_map: [0x0000000011ca0000,0x0000000011eb0000] byte_map_base: 0x00000000116a0000

Marking Bits: (ParMarkBitMap*) 0x00000000694f18f0
 Begin Bits: [0x0000000012410000, 0x0000000013410000)
 End Bits:   [0x0000000013410000, 0x0000000014410000)

Polling page: 0x0000000000a50000

CodeCache: size=245760Kb used=3110Kb max_used=3110Kb free=242649Kb
 bounds [0x00000000028e0000, 0x0000000002bf0000, 0x00000000118e0000]
 total_blobs=1037 nmethods=769 adapters=182
 compilation: enabled

Compilation events (10 events):
Event: 2.179 Thread 0x0000000015000000 nmethod 730 0x0000000002bc0450 code [0x0000000002bc07c0, 0x0000000002bc2748]
Event: 2.179 Thread 0x0000000015000000  731       3       com.android.dx.ssa.Dominators::eval (29 bytes)
Event: 2.180 Thread 0x0000000015000000 nmethod 731 0x0000000002baeb10 code [0x0000000002baec80, 0x0000000002baef28]
Event: 2.180 Thread 0x0000000015000000  732       3       com.android.dx.ssa.Dominators::getPreds (17 bytes)
Event: 2.180 Thread 0x0000000015000000 nmethod 732 0x0000000002bc40d0 code [0x0000000002bc4240, 0x0000000002bc4510]
Event: 2.181 Thread 0x0000000015000000  733       3       com.android.dx.ssa.MoveParamCombiner$1::visitNonMoveInsn (213 bytes)
Event: 2.183 Thread 0x0000000015000000 nmethod 733 0x0000000002bc45d0 code [0x0000000002bc48c0, 0x0000000002bc66b8]
Event: 2.183 Thread 0x0000000015000000  734       3       com.android.dx.ssa.SsaMethod$2::visitNonMoveInsn (6 bytes)
Event: 2.183 Thread 0x0000000015000000 nmethod 734 0x0000000002bc7550 code [0x0000000002bc76c0, 0x0000000002bc7848]
Event: 2.184 Thread 0x0000000015000000  735       3       com.android.dx.ssa.SCCP::simulateBranch (666 bytes)

GC Heap History (0 events):
No events

Deoptimization events (0 events):
No events

Internal exceptions (2 events):
Event: 0.114 Thread 0x00000000027dd800 Exception <a 'java/lang/NoSuchMethodError': Method sun.misc.Unsafe.defineClass(Ljava/lang/String;[BII)Ljava/lang/Class; name or signature does not match> (0x00000000eab07c78) thrown at [C:\src\android\AOSP-openjdk\external\jetbrains\jdk\hotspot\src\share\v xcL]½?
Event: 0.114 Thread 0x00000000027dd800 Exception <a 'java/lang/NoSuchMethodError': Method sun.misc.Unsafe.prefetchRead(Ljava/lang/Object;J)V name or signature does not match> (0x00000000eab07f60) thrown at [C:\src\android\AOSP-openjdk\external\jetbrains\jdk\hotspot\src\share\vm\prims\jni.cpp, l

Events (10 events):
Event: 2.012 loading class com/android/dx/dex/code/RopToDop
Event: 2.012 loading class com/android/dx/dex/code/RopToDop done
Event: 2.017 loading class com/android/dx/dex/code/StdCatchBuilder
Event: 2.017 loading class com/android/dx/dex/code/StdCatchBuilder done
Event: 2.018 loading class com/android/dx/dex/code/DalvCode
Event: 2.018 loading class com/android/dx/dex/code/DalvCode done
Event: 2.019 loading class com/android/dx/dex/file/DebugInfoItem
Event: 2.019 loading class com/android/dx/dex/file/DebugInfoItem done
Event: 2.020 loading class java/io/PrintWriter
Event: 2.020 loading class java/io/PrintWriter done


Dynamic libraries:
0x00007ff765cb0000 - 0x00007ff765ce1000 	C:\Program Files\Android\Android Studio2\jre\bin\java.exe
0x00007ffbd2290000 - 0x00007ffbd2461000 	C:\WINDOWS\SYSTEM32\ntdll.dll
0x00007ffbd1180000 - 0x00007ffbd122c000 	C:\WINDOWS\System32\KERNEL32.DLL
0x00007ffbcf430000 - 0x00007ffbcf64d000 	C:\WINDOWS\System32\KERNELBASE.dll
0x00007ffbd21e0000 - 0x00007ffbd2282000 	C:\WINDOWS\System32\ADVAPI32.dll
0x00007ffbd1920000 - 0x00007ffbd19be000 	C:\WINDOWS\System32\msvcrt.dll
0x00007ffbd1230000 - 0x00007ffbd1289000 	C:\WINDOWS\System32\sechost.dll
0x00007ffbd19d0000 - 0x00007ffbd1af1000 	C:\WINDOWS\System32\RPCRT4.dll
0x00007ffbcf800000 - 0x00007ffbcf965000 	C:\WINDOWS\System32\USER32.dll
0x00007ffbcf410000 - 0x00007ffbcf42e000 	C:\WINDOWS\System32\win32u.dll
0x00007ffbd1290000 - 0x00007ffbd12c4000 	C:\WINDOWS\System32\GDI32.dll
0x00007ffbce760000 - 0x00007ffbce8e2000 	C:\WINDOWS\System32\gdi32full.dll
0x00007ffbc4770000 - 0x00007ffbc49ea000 	C:\WINDOWS\WinSxS\amd64_microsoft.windows.common-controls_6595b64144ccf1df_6.0.14393.953_none_42151e83c686086b\COMCTL32.dll
0x00007ffbd1db0000 - 0x00007ffbd2078000 	C:\WINDOWS\System32\combase.dll
0x00007ffbceac0000 - 0x00007ffbcebb5000 	C:\WINDOWS\System32\ucrtbase.dll
0x00007ffbcebc0000 - 0x00007ffbcec2a000 	C:\WINDOWS\System32\bcryptPrimitives.dll
0x00007ffbd14a0000 - 0x00007ffbd14ce000 	C:\WINDOWS\System32\IMM32.DLL
0x0000000068c50000 - 0x0000000068d22000 	C:\Program Files\Android\Android Studio2\jre\jre\bin\msvcr100.dll
0x0000000068d30000 - 0x000000006956c000 	C:\Program Files\Android\Android Studio2\jre\jre\bin\server\jvm.dll
0x00007ffbd19c0000 - 0x00007ffbd19c8000 	C:\WINDOWS\System32\PSAPI.DLL
0x00007ffbc4090000 - 0x00007ffbc4099000 	C:\WINDOWS\SYSTEM32\WSOCK32.dll
0x00007ffbccb50000 - 0x00007ffbccb73000 	C:\WINDOWS\SYSTEM32\WINMM.dll
0x00007ffbcf970000 - 0x00007ffbcf9da000 	C:\WINDOWS\System32\WS2_32.dll
0x00007ffbc2c80000 - 0x00007ffbc2c8a000 	C:\WINDOWS\SYSTEM32\VERSION.dll
0x0000000000a10000 - 0x0000000000a3b000 	C:\WINDOWS\SYSTEM32\WINMMBASE.dll
0x00007ffbcf310000 - 0x00007ffbcf352000 	C:\WINDOWS\System32\cfgmgr32.dll
0x00007ffbc7250000 - 0x00007ffbc725f000 	C:\Program Files\Android\Android Studio2\jre\jre\bin\verify.dll
0x00007ffbc34a0000 - 0x00007ffbc34c9000 	C:\Program Files\Android\Android Studio2\jre\jre\bin\java.dll
0x00007ffbc3530000 - 0x00007ffbc3546000 	C:\Program Files\Android\Android Studio2\jre\jre\bin\zip.dll
0x00007ffbcfc70000 - 0x00007ffbd1178000 	C:\WINDOWS\System32\SHELL32.dll
0x00007ffbcec30000 - 0x00007ffbcf30a000 	C:\WINDOWS\System32\windows.storage.dll
0x00007ffbce6d0000 - 0x00007ffbce71c000 	C:\WINDOWS\System32\powrprof.dll
0x00007ffbcf9e0000 - 0x00007ffbcfa32000 	C:\WINDOWS\System32\shlwapi.dll
0x00007ffbce720000 - 0x00007ffbce72f000 	C:\WINDOWS\System32\kernel.appcore.dll
0x00007ffbcf6b0000 - 0x00007ffbcf759000 	C:\WINDOWS\System32\shcore.dll
0x00007ffbce740000 - 0x00007ffbce754000 	C:\WINDOWS\System32\profapi.dll

VM Arguments:
jvm_args: -Djava.awt.headless=true -Xmx1024M -Dfile.encoding=windows-1252 -Duser.country=US -Duser.language=en -Duser.variant 
java_command: com.android.dx.command.Main --dex --num-threads=4 --output C:\Users\AYAAN\Desktop\New folder\friendlychat\android-start\app\build\intermediates\pre-dexed\debug\glide-3.7.0_def6a86bd8d96cb18007ba624c577c36da393081.jar C:\Users\AYAAN\.gradle\caches\modules-2\files-2.1\com.github.bumptech.glide\glide\3.7.0\9e9eeaf9948ee4d6c3ab354e8dc14368f16994a4\glide-3.7.0.jar
java_class_path (initial): C:\Users\AYAAN\AppData\Local\Android\sdk\build-tools\25.0.2\lib\dx.jar
Launcher Type: SUN_STANDARD

Environment Variables:
PATH=C:\oraclexe\app\oracle\product\11.2.0\server\bin;;C:\Python27\;C:\Python27\Scripts;C:\ProgramData\Oracle\Java\javapath;C:\Program Files\Common Files\Microsoft Shared\Windows Live;C:\Program Files (x86)\Common Files\Microsoft Shared\Windows Live;C:\Program Files (x86)\Intel\iCLS Client\;C:\Program Files\Intel\iCLS Client\;C:\Windows\system32;C:\Windows;C:\Windows\System32\Wbem;C:\Windows\System32\WindowsPowerShell\v1.0\;C:\Program Files (x86)\Intel\OpenCL SDK\2.0\bin\x86;C:\Program Files (x86)\Intel\OpenCL SDK\2.0\bin\x64;C:\Program Files\Intel\Intel(R) Management Engine Components\DAL;C:\Program Files\Intel\Intel(R) Management Engine Components\IPT;C:\Program Files (x86)\Intel\Intel(R) Management Engine Components\DAL;C:\Program Files (x86)\Intel\Intel(R) Management Engine Components\IPT;C:\Program Files\Sony\VAIO Improvement\;C:\Program Files (x86)\Sony\VAIO Startup Setting Tool;C:\Program Files (x86)\Windows Live\Shared;C:\Program Files (x86)\Common Files\lenovo\easyplussdk\bin;C:\Program Files (x86)\GtkSharp\2.12\bin;C:\adb;C:\Program Files\Git\cmd;C:\Program Files\Git\mingw64\bin;C:\Program Files\Git\usr\bin;%SystemRoot%\system32;%SystemRoot%;%SystemRoot%\System32\Wbem;%SYSTEMROOT%\System32\WindowsPowerShell\v1.0\;C:\Users\AYAAN\AppData\Local\Microsoft\WindowsApps;C:\Users\AYAAN\AppData\Local\atom\bin;C:\sqlite
USERNAME=AYAAN
OS=Windows_NT
PROCESSOR_IDENTIFIER=Intel64 Family 6 Model 42 Stepping 7, GenuineIntel



---------------  S Y S T E M  ---------------

OS: Windows 10.0 , 64 bit Build 14393 (10.0.14393.1198)

CPU:total 4 (2 cores per cpu, 2 threads per core) family 6 model 42 stepping 7, cmov, cx8, fxsr, mmx, sse, sse2, sse3, ssse3, sse4.1, sse4.2, popcnt, avx, clmul, ht, tsc, tscinvbit

Memory: 4k page, physical 6189420k(983756k free), swap 9181548k(1860k free)

vm_info: OpenJDK 64-Bit Server VM (25.112-b06) for windows-amd64 JRE (1.8.0_112-release-b06), built on Dec  8 2016 00:54:26 by "builder" with MS VC++ 10.0 (VS2010)

time: Sun May 28 02:04:20 2017
elapsed time: 2 seconds (0d 0h 0m 2s)

