#
# There is insufficient memory for the Java Runtime Environment to continue.
# Native memory allocation (malloc) failed to allocate 48768 bytes for Chunk::new
# Possible reasons:
#   The system is out of physical RAM or swap space
#   In 32 bit mode, the process size limit was hit
# Possible solutions:
#   Reduce memory load on the system
#   Increase physical memory or swap space
#   Check if swap backing store is full
#   Use 64 bit Java on a 64 bit OS
#   Decrease Java heap size (-Xmx/-Xms)
#   Decrease number of Java threads
#   Decrease Java thread stack sizes (-Xss)
#   Set larger code cache with -XX:ReservedCodeCacheSize=
# This output file may be truncated or incomplete.
#
#  Out of Memory Error (allocation.cpp:390), pid=7908, tid=0x00000000000028d8
#
# JRE version: OpenJDK Runtime Environment (8.0_112-b06) (build 1.8.0_112-release-b06)
# Java VM: OpenJDK 64-Bit Server VM (25.112-b06 mixed mode windows-amd64 compressed oops)
# Failed to write core dump. Minidumps are not enabled by default on client versions of Windows
#

---------------  T H R E A D  ---------------

Current thread (0x000000000305d800):  JavaThread "main" [_thread_in_native, id=10456, stack(0x0000000002f00000,0x0000000003000000)]

Stack: [0x0000000002f00000,0x0000000003000000]
[error occurred during error reporting (printing stack bounds), id 0xc0000005]

Native frames: (J=compiled Java code, j=interpreted, Vv=VM code, C=native code)

Java frames: (J=compiled Java code, j=interpreted, Vv=VM code)
j  sun.util.locale.LocaleObjectCache.<init>(IFI)V+16
j  sun.util.locale.LocaleObjectCache.<init>()V+7
j  java.util.Locale$Cache.<init>()V+1
j  java.util.Locale$Cache.<init>(Ljava/util/Locale$1;)V+1
j  java.util.Locale.<clinit>()V+21
v  ~StubRoutines::call_stub
j  java.io.WinNTFileSystem.hashCode(Ljava/io/File;)I+4
j  java.io.File.hashCode()I+4
j  java.util.HashMap.hash(Ljava/lang/Object;)I+9
j  java.util.HashMap.put(Ljava/lang/Object;Ljava/lang/Object;)Ljava/lang/Object;+2
j  sun.misc.MetaIndex.registerDirectory(Ljava/io/File;)V+178
j  sun.misc.Launcher$ExtClassLoader$1.run()Lsun/misc/Launcher$ExtClassLoader;+19
j  sun.misc.Launcher$ExtClassLoader$1.run()Ljava/lang/Object;+1
v  ~StubRoutines::call_stub
j  java.security.AccessController.doPrivileged(Ljava/security/PrivilegedExceptionAction;)Ljava/lang/Object;+0
j  sun.misc.Launcher$ExtClassLoader.getExtClassLoader()Lsun/misc/Launcher$ExtClassLoader;+12
j  sun.misc.Launcher.<init>()V+4
j  sun.misc.Launcher.<clinit>()V+15
v  ~StubRoutines::call_stub
j  java.lang.ClassLoader.initSystemClassLoader()V+22
j  java.lang.ClassLoader.getSystemClassLoader()Ljava/lang/ClassLoader;+0
v  ~StubRoutines::call_stub

---------------  P R O C E S S  ---------------

Java Threads: ( => current thread )
  0x000000000315b000 JavaThread "Finalizer" daemon [_thread_blocked, id=7532, stack(0x0000000016aa0000,0x0000000016ba0000)]
  0x0000000003150000 JavaThread "Reference Handler" daemon [_thread_blocked, id=6780, stack(0x00000000169a0000,0x0000000016aa0000)]
=>0x000000000305d800 JavaThread "main" [_thread_in_native, id=10456, stack(0x0000000002f00000,0x0000000003000000)]

Other Threads:
  0x00000000157f5000 VMThread [stack: 0x00000000168a0000,0x00000000169a0000] [id=11332]

VM state:not at safepoint (normal execution)

VM Mutex/Monitor currently owned by a thread: None

Heap:
 PSYoungGen      total 28672K, used 491K [0x00000000eab00000, 0x00000000ecb00000, 0x0000000100000000)
  eden space 24576K, 2% used [0x00000000eab00000,0x00000000eab7ae20,0x00000000ec300000)
  from space 4096K, 0% used [0x00000000ec700000,0x00000000ec700000,0x00000000ecb00000)
  to   space 4096K, 0% used [0x00000000ec300000,0x00000000ec300000,0x00000000ec700000)
 ParOldGen       total 65536K, used 0K [0x00000000c0000000, 0x00000000c4000000, 0x00000000eab00000)
  object space 65536K, 0% used [0x00000000c0000000,0x00000000c0000000,0x00000000c4000000)
 Metaspace       used 1817K, capacity 4480K, committed 4480K, reserved 1056768K
  class space    used 196K, capacity 384K, committed 384K, reserved 1048576K

Card table byte_map: [0x0000000012520000,0x0000000012730000] byte_map_base: 0x0000000011f20000

Marking Bits: (ParMarkBitMap*) 0x00000000694f18f0
 Begin Bits: [0x0000000012c90000, 0x0000000013c90000)
 End Bits:   [0x0000000013c90000, 0x0000000014c90000)

Polling page: 0x0000000002e00000

CodeCache: size=245760Kb used=424Kb max_used=424Kb free=245335Kb
 bounds [0x0000000003160000, 0x00000000033d0000, 0x0000000012160000]
 total_blobs=145 nmethods=0 adapters=112
 compilation: enabled

Compilation events (0 events):
No events

GC Heap History (0 events):
No events

Deoptimization events (0 events):
No events

Internal exceptions (2 events):
Event: 3.446 Thread 0x000000000305d800 Exception <a 'java/lang/NoSuchMethodError': Method sun.misc.Unsafe.defineClass(Ljava/lang/String;[BII)Ljava/lang/Class; name or signature does not match> (0x00000000eab07c78) thrown at [C:\src\android\AOSP-openjdk\external\jetbrains\jdk\hotspot\src\share\v‰½)Ze‘@
Event: 3.446 Thread 0x000000000305d800 Exception <a 'java/lang/NoSuchMethodError': Method sun.misc.Unsafe.prefetchRead(Ljava/lang/Object;J)V name or signature does not match> (0x00000000eab07f60) thrown at [C:\src\android\AOSP-openjdk\external\jetbrains\jdk\hotspot\src\share\vm\prims\jni.cpp, l

Events (10 events):
Event: 3.476 loading class java/nio/charset/CoderResult$2 done
Event: 3.476 loading class java/lang/reflect/Array
Event: 3.476 loading class java/lang/reflect/Array done
Event: 3.476 loading class java/util/Locale
Event: 3.476 loading class java/util/Locale done
Event: 3.477 loading class java/util/Locale$Cache
Event: 3.477 loading class sun/util/locale/LocaleObjectCache
Event: 3.477 loading class sun/util/locale/LocaleObjectCache done
Event: 3.477 loading class java/util/Locale$Cache done
Event: 3.477 loading class java/util/concurrent/ConcurrentHashMap


Dynamic libraries:
0x00007ff765cb0000 - 0x00007ff765ce1000 	C:\Program Files\Android\Android Studio2\jre\bin\java.exe
0x00007ffbd2290000 - 0x00007ffbd2461000 	C:\WINDOWS\SYSTEM32\ntdll.dll
0x00007ffbd1180000 - 0x00007ffbd122c000 	C:\WINDOWS\System32\KERNEL32.DLL
0x00007ffbcf430000 - 0x00007ffbcf64d000 	C:\WINDOWS\System32\KERNELBASE.dll
0x00007ffbd21e0000 - 0x00007ffbd2282000 	C:\WINDOWS\System32\ADVAPI32.dll
0x00007ffbd1920000 - 0x00007ffbd19be000 	C:\WINDOWS\System32\msvcrt.dll
0x00007ffbd1230000 - 0x00007ffbd1289000 	C:\WINDOWS\System32\sechost.dll
0x00007ffbd19d0000 - 0x00007ffbd1af1000 	C:\WINDOWS\System32\RPCRT4.dll
0x00007ffbcf800000 - 0x00007ffbcf965000 	C:\WINDOWS\System32\USER32.dll
0x00007ffbcf410000 - 0x00007ffbcf42e000 	C:\WINDOWS\System32\win32u.dll
0x00007ffbd1290000 - 0x00007ffbd12c4000 	C:\WINDOWS\System32\GDI32.dll
0x00007ffbce760000 - 0x00007ffbce8e2000 	C:\WINDOWS\System32\gdi32full.dll
0x00007ffbc4770000 - 0x00007ffbc49ea000 	C:\WINDOWS\WinSxS\amd64_microsoft.windows.common-controls_6595b64144ccf1df_6.0.14393.953_none_42151e83c686086b\COMCTL32.dll
0x00007ffbd1db0000 - 0x00007ffbd2078000 	C:\WINDOWS\System32\combase.dll
0x00007ffbceac0000 - 0x00007ffbcebb5000 	C:\WINDOWS\System32\ucrtbase.dll
0x00007ffbcebc0000 - 0x00007ffbcec2a000 	C:\WINDOWS\System32\bcryptPrimitives.dll
0x00007ffbd14a0000 - 0x00007ffbd14ce000 	C:\WINDOWS\System32\IMM32.DLL
0x0000000068c50000 - 0x0000000068d22000 	C:\Program Files\Android\Android Studio2\jre\jre\bin\msvcr100.dll
0x0000000068d30000 - 0x000000006956c000 	C:\Program Files\Android\Android Studio2\jre\jre\bin\server\jvm.dll
0x00007ffbd19c0000 - 0x00007ffbd19c8000 	C:\WINDOWS\System32\PSAPI.DLL
0x00007ffbc4090000 - 0x00007ffbc4099000 	C:\WINDOWS\SYSTEM32\WSOCK32.dll
0x00007ffbcf970000 - 0x00007ffbcf9da000 	C:\WINDOWS\System32\WS2_32.dll
0x00007ffbc2c80000 - 0x00007ffbc2c8a000 	C:\WINDOWS\SYSTEM32\VERSION.dll
0x00007ffbccb50000 - 0x00007ffbccb73000 	C:\WINDOWS\SYSTEM32\WINMM.dll
0x0000000002dd0000 - 0x0000000002dfb000 	C:\WINDOWS\SYSTEM32\WINMMBASE.dll
0x00007ffbcf310000 - 0x00007ffbcf352000 	C:\WINDOWS\System32\cfgmgr32.dll
0x00007ffbc7250000 - 0x00007ffbc725f000 	C:\Program Files\Android\Android Studio2\jre\jre\bin\verify.dll
0x00007ffbc34a0000 - 0x00007ffbc34c9000 	C:\Program Files\Android\Android Studio2\jre\jre\bin\java.dll
0x00007ffbc3530000 - 0x00007ffbc3546000 	C:\Program Files\Android\Android Studio2\jre\jre\bin\zip.dll
0x00007ffbcfc70000 - 0x00007ffbd1178000 	C:\WINDOWS\System32\SHELL32.dll
0x00007ffbcec30000 - 0x00007ffbcf30a000 	C:\WINDOWS\System32\windows.storage.dll
0x00007ffbce6d0000 - 0x00007ffbce71c000 	C:\WINDOWS\System32\powrprof.dll
0x00007ffbcf9e0000 - 0x00007ffbcfa32000 	C:\WINDOWS\System32\shlwapi.dll
0x00007ffbce720000 - 0x00007ffbce72f000 	C:\WINDOWS\System32\kernel.appcore.dll
0x00007ffbcf6b0000 - 0x00007ffbcf759000 	C:\WINDOWS\System32\shcore.dll
0x00007ffbce740000 - 0x00007ffbce754000 	C:\WINDOWS\System32\profapi.dll

VM Arguments:
jvm_args: -Djava.awt.headless=true -Xmx1024M -Dfile.encoding=windows-1252 -Duser.country=US -Duser.language=en -Duser.variant 
java_command: com.android.dx.command.Main --dex --num-threads=4 --output C:\Users\AYAAN\Desktop\New folder\friendlychat\android-start\app\build\intermediates\pre-dexed\debug\classes_3030a4c384bc8a850ded02707c533b10f4a8d248.jar C:\Users\AYAAN\.android\build-cache\2ef7e53cc53c84a7e7ab5e1d9fc87063c4cb1b47\output\jars\classes.jar
java_class_path (initial): C:\Users\AYAAN\AppData\Local\Android\sdk\build-tools\25.0.2\lib\dx.jar
Launcher Type: SUN_STANDARD

Environment Variables:
PATH=C:\oraclexe\app\oracle\product\11.2.0\server\bin;;C:\Python27\;C:\Python27\Scripts;C:\ProgramData\Oracle\Java\javapath;C:\Program Files\Common Files\Microsoft Shared\Windows Live;C:\Program Files (x86)\Common Files\Microsoft Shared\Windows Live;C:\Program Files (x86)\Intel\iCLS Client\;C:\Program Files\Intel\iCLS Client\;C:\Windows\system32;C:\Windows;C:\Windows\System32\Wbem;C:\Windows\System32\WindowsPowerShell\v1.0\;C:\Program Files (x86)\Intel\OpenCL SDK\2.0\bin\x86;C:\Program Files (x86)\Intel\OpenCL SDK\2.0\bin\x64;C:\Program Files\Intel\Intel(R) Management Engine Components\DAL;C:\Program Files\Intel\Intel(R) Management Engine Components\IPT;C:\Program Files (x86)\Intel\Intel(R) Management Engine Components\DAL;C:\Program Files (x86)\Intel\Intel(R) Management Engine Components\IPT;C:\Program Files\Sony\VAIO Improvement\;C:\Program Files (x86)\Sony\VAIO Startup Setting Tool;C:\Program Files (x86)\Windows Live\Shared;C:\Program Files (x86)\Common Files\lenovo\easyplussdk\bin;C:\Program Files (x86)\GtkSharp\2.12\bin;C:\adb;C:\Program Files\Git\cmd;C:\Program Files\Git\mingw64\bin;C:\Program Files\Git\usr\bin;%SystemRoot%\system32;%SystemRoot%;%SystemRoot%\System32\Wbem;%SYSTEMROOT%\System32\WindowsPowerShell\v1.0\;C:\Users\AYAAN\AppData\Local\Microsoft\WindowsApps;C:\Users\AYAAN\AppData\Local\atom\bin;C:\sqlite
USERNAME=AYAAN
OS=Windows_NT
PROCESSOR_IDENTIFIER=Intel64 Family 6 Model 42 Stepping 7, GenuineIntel



---------------  S Y S T E M  ---------------

OS: Windows 10.0 , 64 bit Build 14393 (10.0.14393.1198)

CPU:total 4 (2 cores per cpu, 2 threads per core) family 6 model 42 stepping 7, cmov, cx8, fxsr, mmx, sse, sse2, sse3, ssse3, sse4.1, sse4.2, popcnt, avx, clmul, ht, tsc, tscinvbit

Memory: 4k page, physical 6189420k(1052088k free), swap 9181548k(3016k free)

vm_info: OpenJDK 64-Bit Server VM (25.112-b06) for windows-amd64 JRE (1.8.0_112-release-b06), built on Dec  8 2016 00:54:26 by "builder" with MS VC++ 10.0 (VS2010)

time: Sun May 28 02:03:34 2017
elapsed time: 3 seconds (0d 0h 0m 3s)

